2026-04-08 21:57:05,516 - INFO - Application started.
2026-04-08 21:57:05,516 - INFO - Starting the experiment...
2026-04-08 21:57:05,529 - INFO - Starting replication 1/10
2026-04-08 21:57:08,244 - INFO - Starting replication 2/10
2026-04-08 21:57:08,835 - INFO - Starting replication 3/10
2026-04-08 21:57:08,878 - INFO - Starting replication 4/10
2026-04-08 21:57:08,902 - INFO - Starting replication 5/10
2026-04-08 21:57:08,936 - INFO - Starting replication 6/10
2026-04-08 21:57:08,970 - INFO - Starting replication 7/10
2026-04-08 21:57:09,003 - INFO - Starting replication 8/10
2026-04-08 21:57:09,036 - INFO - Starting replication 9/10
2026-04-08 21:57:09,069 - INFO - Starting replication 10/10
2026-04-08 21:57:09,103 - INFO - Experiment completed successfully.
2026-04-08 21:57:09,103 - INFO - Generating plots for the experiment results...
2026-04-08 22:15:59,972 - INFO - Plots generated successfully.
2026-04-08 22:15:59,972 - INFO - Application finished successfully.
2026-04-08 22:18:44,417 - INFO - Application started.
2026-04-08 22:18:44,428 - INFO - Starting the experiment...
2026-04-08 22:18:44,435 - INFO - Starting replication 1/20
2026-04-08 22:18:48,602 - INFO - Starting replication 2/20
2026-04-08 22:18:50,073 - INFO - Starting replication 3/20
2026-04-08 22:18:51,546 - INFO - Starting replication 4/20
2026-04-08 22:18:53,353 - INFO - Starting replication 5/20
2026-04-08 22:18:54,966 - INFO - Starting replication 6/20
2026-04-08 22:18:56,467 - INFO - Starting replication 7/20
2026-04-08 22:18:57,916 - INFO - Starting replication 8/20
2026-04-08 22:18:59,500 - INFO - Starting replication 9/20
2026-04-08 22:19:00,983 - INFO - Starting replication 10/20
2026-04-08 22:19:02,440 - INFO - Starting replication 11/20
2026-04-08 22:19:04,017 - INFO - Starting replication 12/20
2026-04-08 22:19:05,848 - INFO - Starting replication 13/20
2026-04-08 22:19:07,338 - INFO - Starting replication 14/20
2026-04-08 22:19:08,824 - INFO - Starting replication 15/20
2026-04-08 22:19:10,636 - INFO - Starting replication 16/20
2026-04-08 22:19:12,181 - INFO - Starting replication 17/20
2026-04-08 22:19:14,088 - INFO - Starting replication 18/20
2026-04-08 22:19:15,583 - INFO - Starting replication 19/20
2026-04-08 22:19:17,217 - INFO - Starting replication 20/20
2026-04-08 22:19:18,703 - INFO - Experiment completed successfully.
2026-04-08 22:19:18,703 - INFO - Generating plots for the experiment results...
2026-04-08 22:22:54,969 - INFO - Application started.
2026-04-08 22:22:54,988 - INFO - Starting the experiment...
2026-04-08 22:22:54,994 - INFO - Starting replication 1/20
2026-04-08 22:22:59,468 - INFO - Starting replication 2/20
2026-04-08 22:23:00,983 - INFO - Starting replication 3/20
2026-04-08 22:23:02,456 - INFO - Starting replication 4/20
2026-04-08 22:23:03,918 - INFO - Starting replication 5/20
2026-04-08 22:23:05,761 - INFO - Starting replication 6/20
2026-04-08 22:23:07,622 - INFO - Starting replication 7/20
2026-04-08 22:23:09,241 - INFO - Starting replication 8/20
2026-04-08 22:23:10,872 - INFO - Starting replication 9/20
2026-04-08 22:23:12,374 - INFO - Starting replication 10/20
2026-04-08 22:23:14,280 - INFO - Starting replication 11/20
2026-04-08 22:23:15,786 - INFO - Starting replication 12/20
2026-04-08 22:23:17,603 - INFO - Starting replication 13/20
2026-04-08 22:23:19,222 - INFO - Starting replication 14/20
2026-04-08 22:23:20,705 - INFO - Starting replication 15/20
2026-04-08 22:23:22,519 - INFO - Starting replication 16/20
2026-04-08 22:23:24,003 - INFO - Starting replication 17/20
2026-04-08 22:23:25,472 - INFO - Starting replication 18/20
2026-04-08 22:23:26,950 - INFO - Starting replication 19/20
2026-04-08 22:23:28,762 - INFO - Starting replication 20/20
2026-04-08 22:23:30,236 - INFO - Experiment completed successfully.
2026-04-08 22:23:30,236 - INFO - Generating plots for the experiment results...
2026-04-08 22:28:41,255 - INFO - Application started.
2026-04-08 22:28:41,255 - INFO - Starting the experiment...
2026-04-08 22:28:41,270 - INFO - Starting replication 1/20
2026-04-08 22:28:45,403 - INFO - Starting replication 2/20
2026-04-08 22:28:47,223 - INFO - Starting replication 3/20
2026-04-08 22:28:48,779 - INFO - Starting replication 4/20
2026-04-08 22:28:50,359 - INFO - Starting replication 5/20
2026-04-08 22:28:51,779 - INFO - Starting replication 6/20
2026-04-08 22:28:53,224 - INFO - Starting replication 7/20
2026-04-08 22:28:54,778 - INFO - Starting replication 8/20
2026-04-08 22:28:56,614 - INFO - Starting replication 9/20
2026-04-08 22:28:58,150 - INFO - Starting replication 10/20
2026-04-08 22:28:59,993 - INFO - Starting replication 11/20
2026-04-08 22:29:01,872 - INFO - Starting replication 12/20
2026-04-08 22:29:03,753 - INFO - Starting replication 13/20
2026-04-08 22:29:05,271 - INFO - Starting replication 14/20
2026-04-08 22:29:06,889 - INFO - Starting replication 15/20
2026-04-08 22:29:08,412 - INFO - Starting replication 16/20
2026-04-08 22:29:09,895 - INFO - Starting replication 17/20
2026-04-08 22:29:11,485 - INFO - Starting replication 18/20
2026-04-08 22:29:12,918 - INFO - Starting replication 19/20
2026-04-08 22:29:14,752 - INFO - Starting replication 20/20
2026-04-08 22:29:16,635 - INFO - Experiment completed successfully.
2026-04-08 22:29:16,635 - INFO - Generating plots for the experiment results...
2026-04-08 22:37:00,986 - INFO - Application started.
2026-04-08 22:37:00,994 - INFO - Starting the experiment...
2026-04-08 22:37:01,000 - INFO - Starting replication 1/20
2026-04-08 22:37:05,197 - INFO - Starting replication 2/20
2026-04-08 22:37:07,051 - INFO - Starting replication 3/20
2026-04-08 22:37:08,576 - INFO - Starting replication 4/20
2026-04-08 22:37:10,146 - INFO - Starting replication 5/20
2026-04-08 22:37:11,722 - INFO - Starting replication 6/20
2026-04-08 22:37:13,263 - INFO - Starting replication 7/20
2026-04-08 22:37:14,835 - INFO - Starting replication 8/20
2026-04-08 22:37:16,783 - INFO - Starting replication 9/20
2026-04-08 22:37:18,657 - INFO - Starting replication 10/20
2026-04-08 22:37:20,594 - INFO - Starting replication 11/20
2026-04-08 22:37:22,087 - INFO - Starting replication 12/20
2026-04-08 22:37:23,596 - INFO - Starting replication 13/20
2026-04-08 22:37:25,480 - INFO - Starting replication 14/20
2026-04-08 22:37:27,102 - INFO - Starting replication 15/20
2026-04-08 22:37:28,613 - INFO - Starting replication 16/20
2026-04-08 22:37:30,149 - INFO - Starting replication 17/20
2026-04-08 22:37:31,907 - INFO - Starting replication 18/20
2026-04-08 22:37:33,761 - INFO - Starting replication 19/20
2026-04-08 22:37:35,379 - INFO - Starting replication 20/20
2026-04-08 22:37:37,336 - INFO - Experiment completed successfully.
2026-04-08 22:37:37,336 - INFO - Generating plots for the experiment results...
2026-04-08 22:39:13,195 - INFO - Application started.
2026-04-08 22:39:13,212 - INFO - Starting the experiment...
2026-04-08 22:39:13,221 - INFO - Starting replication 1/20
2026-04-08 22:39:17,495 - INFO - Starting replication 2/20
2026-04-08 22:39:18,935 - INFO - Starting replication 3/20
2026-04-08 22:39:20,497 - INFO - Starting replication 4/20
2026-04-08 22:39:22,300 - INFO - Starting replication 5/20
2026-04-08 22:39:23,897 - INFO - Starting replication 6/20
2026-04-08 22:39:25,368 - INFO - Starting replication 7/20
2026-04-08 22:39:26,915 - INFO - Starting replication 8/20
2026-04-08 22:39:28,720 - INFO - Starting replication 9/20
2026-04-08 22:39:30,156 - INFO - Starting replication 10/20
2026-04-08 22:39:31,602 - INFO - Starting replication 11/20
2026-04-08 22:39:33,054 - INFO - Starting replication 12/20
2026-04-08 22:39:34,886 - INFO - Starting replication 13/20
2026-04-08 22:39:36,479 - INFO - Starting replication 14/20
2026-04-08 22:39:37,904 - INFO - Starting replication 15/20
2026-04-08 22:39:39,466 - INFO - Starting replication 16/20
2026-04-08 22:39:41,049 - INFO - Starting replication 17/20
2026-04-08 22:39:42,599 - INFO - Starting replication 18/20
2026-04-08 22:39:44,053 - INFO - Starting replication 19/20
2026-04-08 22:39:45,896 - INFO - Starting replication 20/20
2026-04-08 22:39:47,338 - INFO - Experiment completed successfully.
2026-04-08 22:39:47,338 - INFO - Generating plots for the experiment results...
2026-04-08 22:42:11,830 - INFO - Application started.
2026-04-08 22:42:11,830 - INFO - Starting the experiment...
2026-04-08 22:42:11,843 - INFO - Starting replication 1/20
2026-04-08 22:42:16,267 - INFO - Starting replication 2/20
2026-04-08 22:42:17,726 - INFO - Starting replication 3/20
2026-04-08 22:42:19,182 - INFO - Starting replication 4/20
2026-04-08 22:42:20,996 - INFO - Starting replication 5/20
2026-04-08 22:42:22,575 - INFO - Starting replication 6/20
2026-04-08 22:42:24,037 - INFO - Starting replication 7/20
2026-04-08 22:42:25,823 - INFO - Starting replication 8/20
2026-04-08 22:42:27,293 - INFO - Starting replication 9/20
2026-04-08 22:42:28,935 - INFO - Starting replication 10/20
2026-04-08 22:42:30,388 - INFO - Starting replication 11/20
2026-04-08 22:42:32,190 - INFO - Starting replication 12/20
2026-04-08 22:42:33,627 - INFO - Starting replication 13/20
2026-04-08 22:42:35,424 - INFO - Starting replication 14/20
2026-04-08 22:42:36,907 - INFO - Starting replication 15/20
2026-04-08 22:42:38,377 - INFO - Starting replication 16/20
2026-04-08 22:42:39,826 - INFO - Starting replication 17/20
2026-04-08 22:42:41,628 - INFO - Starting replication 18/20
2026-04-08 22:42:43,079 - INFO - Starting replication 19/20
2026-04-08 22:42:44,653 - INFO - Starting replication 20/20
2026-04-08 22:42:46,441 - INFO - Experiment completed successfully.
2026-04-08 22:42:46,441 - INFO - Generating plots for the experiment results...
2026-04-08 22:44:35,354 - INFO - Application started.
2026-04-08 22:44:35,361 - INFO - Starting the experiment...
2026-04-08 22:44:35,368 - INFO - Starting replication 1/20
2026-04-08 22:44:39,532 - INFO - Starting replication 2/20
2026-04-08 22:44:41,348 - INFO - Starting replication 3/20
2026-04-08 22:44:42,923 - INFO - Starting replication 4/20
2026-04-08 22:44:44,719 - INFO - Starting replication 5/20
2026-04-08 22:44:46,349 - INFO - Starting replication 6/20
2026-04-08 22:44:48,191 - INFO - Starting replication 7/20
2026-04-08 22:44:49,771 - INFO - Starting replication 8/20
2026-04-08 22:44:51,554 - INFO - Starting replication 9/20
2026-04-08 22:44:53,365 - INFO - Starting replication 10/20
2026-04-08 22:44:54,843 - INFO - Starting replication 11/20
2026-04-08 22:44:56,296 - INFO - Starting replication 12/20
2026-04-08 22:44:57,873 - INFO - Starting replication 13/20
2026-04-08 22:44:59,450 - INFO - Starting replication 14/20
2026-04-08 22:45:01,039 - INFO - Starting replication 15/20
2026-04-08 22:45:02,537 - INFO - Starting replication 16/20
2026-04-08 22:45:04,081 - INFO - Starting replication 17/20
2026-04-08 22:45:05,890 - INFO - Starting replication 18/20
2026-04-08 22:45:07,718 - INFO - Starting replication 19/20
2026-04-08 22:45:09,515 - INFO - Starting replication 20/20
2026-04-08 22:45:11,104 - INFO - Experiment completed successfully.
2026-04-08 22:45:11,104 - INFO - Generating plots for the experiment results...
2026-04-08 22:45:15,269 - WARNING - Skipping precision plot. Available columns: ['model', 'replication', 'accuracy', 'f1_score', 'roc_auc', 'best_params']
2026-04-08 22:45:17,318 - INFO - Plots generated successfully.
2026-04-08 22:45:17,318 - INFO - Application finished successfully.
2026-04-08 22:46:45,083 - INFO - Application started.
2026-04-08 22:46:45,089 - INFO - Starting the experiment...
2026-04-08 22:46:45,098 - INFO - Starting replication 1/20
2026-04-08 22:46:49,546 - INFO - Starting replication 2/20
2026-04-08 22:46:51,021 - INFO - Starting replication 3/20
2026-04-08 22:46:52,556 - INFO - Starting replication 4/20
2026-04-08 22:46:54,006 - INFO - Starting replication 5/20
2026-04-08 22:46:55,577 - INFO - Starting replication 6/20
2026-04-08 22:46:57,173 - INFO - Starting replication 7/20
2026-04-08 22:46:58,774 - INFO - Starting replication 8/20
2026-04-08 22:47:00,228 - INFO - Starting replication 9/20
2026-04-08 22:47:02,045 - INFO - Starting replication 10/20
2026-04-08 22:47:03,623 - INFO - Starting replication 11/20
2026-04-08 22:47:05,206 - INFO - Starting replication 12/20
2026-04-08 22:47:06,696 - INFO - Starting replication 13/20
2026-04-08 22:47:08,148 - INFO - Starting replication 14/20
2026-04-08 22:47:09,716 - INFO - Starting replication 15/20
2026-04-08 22:47:11,199 - INFO - Starting replication 16/20
2026-04-08 22:47:12,744 - INFO - Starting replication 17/20
2026-04-08 22:47:14,601 - INFO - Starting replication 18/20
2026-04-08 22:47:16,174 - INFO - Starting replication 19/20
2026-04-08 22:47:17,741 - INFO - Starting replication 20/20
2026-04-08 22:47:19,544 - INFO - Experiment completed successfully.
2026-04-08 22:47:19,544 - INFO - Generating plots for the experiment results...
2026-04-08 22:47:24,492 - WARNING - Skipping precision plot. Available columns: ['model', 'replication', 'accuracy', 'f1_score', 'roc_auc', 'best_params']
2026-04-08 22:47:26,234 - INFO - Plots generated successfully.
2026-04-08 22:47:26,234 - INFO - Application finished successfully.
2026-04-08 22:50:41,236 - INFO - Application started.
2026-04-08 22:50:41,236 - INFO - Starting the experiment...
2026-04-08 22:50:41,256 - INFO - Starting replication 1/20
2026-04-08 22:51:54,203 - INFO - Application started.
2026-04-08 22:51:54,219 - INFO - Starting the experiment...
2026-04-08 22:51:54,224 - INFO - Starting replication 1/20
2026-04-08 22:55:38,255 - INFO - Application started.
2026-04-08 22:55:38,257 - INFO - Starting the experiment...
2026-04-08 22:55:38,268 - INFO - Starting replication 1/20
2026-04-08 22:58:57,941 - INFO - Application started.
2026-04-08 22:58:57,958 - INFO - Starting the experiment...
2026-04-08 22:58:57,963 - INFO - Starting replication 1/20
2026-04-08 23:01:11,459 - INFO - Application started.
2026-04-08 23:01:11,459 - INFO - Starting the experiment...
2026-04-08 23:01:11,473 - INFO - Starting replication 1/20
2026-04-08 23:03:06,393 - INFO - Application started.
2026-04-08 23:03:06,393 - INFO - Starting the experiment...
2026-04-08 23:03:06,412 - INFO - Starting replication 1/20
2026-04-08 23:03:10,509 - INFO - Starting replication 2/20
2026-04-08 23:03:11,993 - INFO - Starting replication 3/20
2026-04-08 23:03:13,456 - INFO - Starting replication 4/20
2026-04-08 23:03:14,932 - INFO - Starting replication 5/20
2026-04-08 23:03:16,407 - INFO - Starting replication 6/20
2026-04-08 23:03:17,972 - INFO - Starting replication 7/20
2026-04-08 23:03:19,573 - INFO - Starting replication 8/20
2026-04-08 23:03:21,180 - INFO - Starting replication 9/20
2026-04-08 23:03:22,607 - INFO - Starting replication 10/20
2026-04-08 23:03:24,419 - INFO - Starting replication 11/20
2026-04-08 23:03:26,224 - INFO - Starting replication 12/20
2026-04-08 23:03:27,683 - INFO - Starting replication 13/20
2026-04-08 23:03:29,464 - INFO - Starting replication 14/20
2026-04-08 23:03:31,041 - INFO - Starting replication 15/20
2026-04-08 23:03:32,808 - INFO - Starting replication 16/20
2026-04-08 23:03:34,613 - INFO - Starting replication 17/20
2026-04-08 23:03:36,448 - INFO - Starting replication 18/20
2026-04-08 23:03:37,906 - INFO - Starting replication 19/20
2026-04-08 23:03:39,467 - INFO - Starting replication 20/20
2026-04-08 23:03:40,907 - INFO - Experiment completed successfully.
2026-04-08 23:03:40,907 - INFO - Generating plots for the experiment results...
2026-04-08 23:03:48,360 - INFO - Plots generated successfully.
2026-04-08 23:03:48,360 - INFO - Application finished successfully.
2026-04-08 23:04:17,706 - INFO - Application started.
2026-04-08 23:04:17,711 - INFO - Starting the experiment...
2026-04-08 23:04:17,720 - INFO - Starting replication 1/20
2026-04-08 23:04:22,341 - INFO - Starting replication 2/20
2026-04-08 23:04:24,007 - INFO - Starting replication 3/20
2026-04-08 23:04:25,561 - INFO - Starting replication 4/20
2026-04-08 23:04:27,492 - INFO - Starting replication 5/20
2026-04-08 23:04:29,092 - INFO - Starting replication 6/20
2026-04-08 23:04:30,720 - INFO - Starting replication 7/20
2026-04-08 23:04:32,599 - INFO - Starting replication 8/20
2026-04-08 23:04:34,078 - INFO - Starting replication 9/20
2026-04-08 23:04:35,646 - INFO - Starting replication 10/20
2026-04-08 23:04:37,090 - INFO - Starting replication 11/20
2026-04-08 23:04:38,902 - INFO - Starting replication 12/20
2026-04-08 23:04:40,468 - INFO - Starting replication 13/20
2026-04-08 23:04:42,265 - INFO - Starting replication 14/20
2026-04-08 23:04:44,071 - INFO - Starting replication 15/20
2026-04-08 23:04:45,646 - INFO - Starting replication 16/20
2026-04-08 23:04:47,086 - INFO - Starting replication 17/20
2026-04-08 23:04:48,535 - INFO - Starting replication 18/20
2026-04-08 23:04:50,348 - INFO - Starting replication 19/20
2026-04-08 23:04:52,178 - INFO - Starting replication 20/20
2026-04-08 23:04:53,667 - INFO - Experiment completed successfully.
2026-04-08 23:04:53,667 - INFO - Generating plots for the experiment results...
2026-04-08 23:06:15,628 - INFO - Plots generated successfully.
2026-04-08 23:06:15,628 - INFO - Application finished successfully.
2026-04-08 23:21:05,271 - INFO - Application started.
2026-04-08 23:21:05,271 - INFO - Starting the experiment...
2026-04-08 23:21:05,288 - INFO - Starting replication 1/20
2026-04-08 23:21:09,554 - INFO - Starting replication 2/20
2026-04-08 23:21:11,126 - INFO - Starting replication 3/20
2026-04-08 23:21:12,593 - INFO - Starting replication 4/20
2026-04-08 23:21:14,033 - INFO - Starting replication 5/20
2026-04-08 23:21:15,848 - INFO - Starting replication 6/20
2026-04-08 23:21:17,321 - INFO - Starting replication 7/20
2026-04-08 23:21:18,767 - INFO - Starting replication 8/20
2026-04-08 23:21:20,248 - INFO - Starting replication 9/20
2026-04-08 23:21:22,030 - INFO - Starting replication 10/20
2026-04-08 23:21:23,598 - INFO - Starting replication 11/20
2026-04-08 23:21:25,179 - INFO - Starting replication 12/20
2026-04-08 23:21:26,747 - INFO - Starting replication 13/20
2026-04-08 23:21:28,236 - INFO - Starting replication 14/20
2026-04-08 23:21:30,043 - INFO - Starting replication 15/20
2026-04-08 23:21:31,483 - INFO - Starting replication 16/20
2026-04-08 23:21:33,082 - INFO - Starting replication 17/20
2026-04-08 23:21:34,534 - INFO - Starting replication 18/20
2026-04-08 23:21:35,984 - INFO - Starting replication 19/20
2026-04-08 23:21:37,821 - INFO - Starting replication 20/20
2026-04-08 23:21:39,386 - INFO - Experiment completed successfully.
2026-04-08 23:21:39,386 - INFO - Generating plots for the experiment results...
2026-04-08 23:21:55,388 - INFO - Plots generated successfully.
2026-04-08 23:21:55,388 - INFO - Application finished successfully.
